<?xml version="1.0" encoding="UTF-8"?>
<testsuite xmlns:xsi="http://www.w3.org/2001/XMLSchema-instance" xsi:noNamespaceSchemaLocation="https://maven.apache.org/surefire/maven-surefire-plugin/xsd/surefire-test-report-3.0.xsd" version="3.0" name="com.example.order_management.OrderManagementApplicationTests" time="4.247" tests="1" errors="0" skipped="0" failures="0">
  <properties>
[...]
</properties>
  <testcase name="contextLoads" classname="com.example.order_management.OrderManagementApplicationTests" time="0.63">
    <system-out><![CDATA[21:07:46.388 [main] INFO org.springframework.test.context.support.AnnotationConfigContextLoaderUtils -- Could not detect default configuration classes for test class [com.example.order_management.OrderManagementApplicationTests]: OrderManagementApplicationTests does not declare any static, non-private, non-final, nested classes annotated with @Configuration.
21:07:46.502 [main] INFO org.springframework.boot.test.context.SpringBootTestContextBootstrapper -- Found @SpringBootConfiguration com.example.order_management.OrderManagementApplication for test class com.example.order_management.OrderManagementApplicationTests
21:07:46.685 [main] INFO org.springframework.boot.devtools.restart.RestartApplicationListener -- Restart disabled due to context in which it is running

  .   ____          _            __ _ _
 /\\ / ___'_ __ _ _(_)_ __  __ _ \ \ \ \
( ( )\___ | '_ | '_| | '_ \/ _` | \ \ \ \
 \\/  ___)| |_)| | | | | || (_| |  ) ) ) )
  '  |____| .__|_| |_|_| |_\__, | / / / /
 =========|_|==============|___/=/_/_/_/
 :: Spring Boot ::      (v3.2.10-SNAPSHOT)

2024-08-22T21:07:46.952+02:00  INFO 20022 --- [order-management] [           main] c.e.o.OrderManagementApplicationTests    : Starting OrderManagementApplicationTests using Java 17.0.8 with PID 20022 (started by mhmnazem in /Users/mhmnazem/Developer/OrderManagement/order-management)
2024-08-22T21:07:46.953+02:00  INFO 20022 --- [order-management] [           main] c.e.o.OrderManagementApplicationTests    : No active profile set, falling back to 1 default profile: "default"
2024-08-22T21:07:47.628+02:00  INFO 20022 --- [order-management] [           main] .s.d.r.c.RepositoryConfigurationDelegate : Bootstrapping Spring Data JPA repositories in DEFAULT mode.
2024-08-22T21:07:47.647+02:00  INFO 20022 --- [order-management] [           main] .s.d.r.c.RepositoryConfigurationDelegate : Finished Spring Data repository scanning in 11 ms. Found 0 JPA repository interfaces.
2024-08-22T21:07:48.071+02:00  INFO 20022 --- [order-management] [           main] com.zaxxer.hikari.HikariDataSource       : HikariPool-1 - Starting...
2024-08-22T21:07:48.269+02:00  INFO 20022 --- [order-management] [           main] com.zaxxer.hikari.pool.HikariPool        : HikariPool-1 - Added connection conn0: url=jdbc:h2:mem:bb9d85bc-4e2e-4885-9f0e-64eaec88da9f user=SA
2024-08-22T21:07:48.270+02:00  INFO 20022 --- [order-management] [           main] com.zaxxer.hikari.HikariDataSource       : HikariPool-1 - Start completed.
2024-08-22T21:07:48.315+02:00  INFO 20022 --- [order-management] [           main] o.hibernate.jpa.internal.util.LogHelper  : HHH000204: Processing PersistenceUnitInfo [name: default]
2024-08-22T21:07:48.383+02:00  INFO 20022 --- [order-management] [           main] org.hibernate.Version                    : HHH000412: Hibernate ORM core version 6.4.10.Final
2024-08-22T21:07:48.421+02:00  INFO 20022 --- [order-management] [           main] o.h.c.internal.RegionFactoryInitiator    : HHH000026: Second-level cache disabled
2024-08-22T21:07:48.689+02:00  INFO 20022 --- [order-management] [           main] o.s.o.j.p.SpringPersistenceUnitInfo      : No LoadTimeWeaver setup: ignoring JPA class transformer
2024-08-22T21:07:49.062+02:00  INFO 20022 --- [order-management] [           main] o.h.e.t.j.p.i.JtaPlatformInitiator       : HHH000489: No JTA platform available (set 'hibernate.transaction.jta.platform' to enable JTA platform integration)
2024-08-22T21:07:49.066+02:00  INFO 20022 --- [order-management] [           main] j.LocalContainerEntityManagerFactoryBean : Initialized JPA EntityManagerFactory for persistence unit 'default'
2024-08-22T21:07:49.207+02:00  WARN 20022 --- [order-management] [           main] JpaBaseConfiguration$JpaWebConfiguration : spring.jpa.open-in-view is enabled by default. Therefore, database queries may be performed during view rendering. Explicitly configure spring.jpa.open-in-view to disable this warning
2024-08-22T21:07:49.609+02:00  WARN 20022 --- [order-management] [           main] .s.s.UserDetailsServiceAutoConfiguration : 

Using generated security password: 021dedba-8f26-4a54-a9a2-2c3007bb4eba

This generated password is for development use only. Your security configuration must be updated before running your application in production.

2024-08-22T21:07:49.745+02:00  INFO 20022 --- [order-management] [           main] o.s.s.web.DefaultSecurityFilterChain     : Will secure any request with [org.springframework.security.web.session.DisableEncodeUrlFilter@6f67ece5, org.springframework.security.web.context.request.async.WebAsyncManagerIntegrationFilter@155c7eae, org.springframework.security.web.context.SecurityContextHolderFilter@7affee54, org.springframework.security.web.header.HeaderWriterFilter@186d6033, org.springframework.security.web.csrf.CsrfFilter@5cf3a7f9, org.springframework.security.web.authentication.logout.LogoutFilter@3211cc84, org.springframework.security.web.authentication.UsernamePasswordAuthenticationFilter@5f4df55e, org.springframework.security.web.authentication.ui.DefaultLoginPageGeneratingFilter@744fb110, org.springframework.security.web.authentication.ui.DefaultLogoutPageGeneratingFilter@5c9e6d95, org.springframework.security.web.authentication.www.BasicAuthenticationFilter@4af606e9, org.springframework.security.web.savedrequest.RequestCacheAwareFilter@2337bf27, org.springframework.security.web.servletapi.SecurityContextHolderAwareRequestFilter@43719e98, org.springframework.security.web.authentication.AnonymousAuthenticationFilter@5d00b469, org.springframework.security.web.access.ExceptionTranslationFilter@652a1a17, org.springframework.security.web.access.intercept.AuthorizationFilter@379b4e86]
2024-08-22T21:07:49.798+02:00  INFO 20022 --- [order-management] [           main] c.e.o.OrderManagementApplicationTests    : Started OrderManagementApplicationTests in 3.134 seconds (process running for 4.149)
]]></system-out>
  </testcase>
</testsuite>